Start testing: Aug 31 18:59 COT
----------------------------------------------------------
1/2 Testing: dataset
1/2 Test: dataset
Command: "/home/tommy/Workspace/Xion/bin/xionTest" "dataset"
Directory: /home/tommy/Workspace/Xion
"dataset" start time: Aug 31 18:59 COT
Output:
----------------------------------------------------------
ERROR: not found directory notExistingDirectory
ERROR: not found directory data/testing/notExistingFolder
Serialized 1 image files.
Serialized 1 image files.
image data/testing/test2/neg/1px.jpg is zero variance
Serialized 1 image files.
number of positive elements: 1
number of negative elements: 1
Serialized 1 image files.
Serialized 1 image files.
number of positive elements: 1
number of negative elements: 1
<end of output>
Test time =   0.00 sec
----------------------------------------------------------
Test Passed.
"dataset" end time: Aug 31 18:59 COT
"dataset" time elapsed: 00:00:00
----------------------------------------------------------

2/2 Testing: preprocessing
2/2 Test: preprocessing
Command: "/home/tommy/Workspace/Xion/bin/xionTest" "preprocessing"
Directory: /home/tommy/Workspace/Xion
"preprocessing" start time: Aug 31 18:59 COT
Output:
----------------------------------------------------------
the image to compute the integral is null
the integral pointer is null
the squared integral pointer is null
the number of pixels and width of the input image cannot be zero
the resolution of the gray scale image cannot be greater than 1920 X 1080
the image name is null
the image to compute the integral is null
the integral pointer is null
the squared integral pointer is null
the normalization vector is null
the number of pixels and width of the input image cannot be zero
image testImage is zero variance
<end of output>
Test time =   0.00 sec
----------------------------------------------------------
Test Passed.
"preprocessing" end time: Aug 31 18:59 COT
"preprocessing" time elapsed: 00:00:00
----------------------------------------------------------

End testing: Aug 31 18:59 COT
