Start testing: Aug 19 11:58 COT
----------------------------------------------------------
1/1 Testing: dataset
1/1 Test: dataset
Command: "/home/tommy/Workspace/Xion/bin/xionTest" "dataset"
Directory: /home/tommy/Workspace/Xion
"dataset" start time: Aug 19 11:58 COT
Output:
----------------------------------------------------------
<end of output>
Test time =   0.00 sec
----------------------------------------------------------
Test Passed.
"dataset" end time: Aug 19 11:58 COT
"dataset" time elapsed: 00:00:00
----------------------------------------------------------

End testing: Aug 19 11:58 COT
